<?xml version="1.0" encoding="UTF-8"?>
<!-- Generated by org.testng.reporters.JUnitReportReporter -->
<testsuite hostname="classroom-PC" name="pack.Anjali" tests="4" failures="0" timestamp="17 Aug 2019 08:14:54 GMT" time="39.086" errors="0">
  <testcase name="verifyLogin" time="8.450" classname="pack.Anjali"/>
  <testcase name="addEmp" time="30.634" classname="pack.Anjali"/>
  <testcase name="editEmp" time="0.001" classname="pack.Anjali"/>
  <testcase name="deleteEmp" time="0.001" classname="pack.Anjali"/>
</testsuite> <!-- pack.Anjali -->
